This is pdfTeX, Version 3.14159265-2.6-1.40.20 (TeX Live 2019) (preloaded format=pdflatex 2019.9.4)  6 OCT 2019 17:30
entering extended mode
 restricted \write18 enabled.
 %&-line parsing enabled.
**P1.tex
(./P1.tex
LaTeX2e <2018-12-01>
(/usr/local/texlive/2019/texmf-dist/tex/latex/base/article.cls
Document Class: article 2018/09/03 v1.4i Standard LaTeX document class
(/usr/local/texlive/2019/texmf-dist/tex/latex/base/size10.clo
File: size10.clo 2018/09/03 v1.4i Standard LaTeX file (size option)
)
\c@part=\count80
\c@section=\count81
\c@subsection=\count82
\c@subsubsection=\count83
\c@paragraph=\count84
\c@subparagraph=\count85
\c@figure=\count86
\c@table=\count87
\abovecaptionskip=\skip41
\belowcaptionskip=\skip42
\bibindent=\dimen102
)
(/usr/local/texlive/2019/texmf-dist/tex/latex/graphics/graphicx.sty
Package: graphicx 2017/06/01 v1.1a Enhanced LaTeX Graphics (DPC,SPQR)

(/usr/local/texlive/2019/texmf-dist/tex/latex/graphics/keyval.sty
Package: keyval 2014/10/28 v1.15 key=value parser (DPC)
\KV@toks@=\toks14
)
(/usr/local/texlive/2019/texmf-dist/tex/latex/graphics/graphics.sty
Package: graphics 2017/06/25 v1.2c Standard LaTeX Graphics (DPC,SPQR)

(/usr/local/texlive/2019/texmf-dist/tex/latex/graphics/trig.sty
Package: trig 2016/01/03 v1.10 sin cos tan (DPC)
)
(/usr/local/texlive/2019/texmf-dist/tex/latex/graphics-cfg/graphics.cfg
File: graphics.cfg 2016/06/04 v1.11 sample graphics configuration
)
Package graphics Info: Driver file: pdftex.def on input line 99.

(/usr/local/texlive/2019/texmf-dist/tex/latex/graphics-def/pdftex.def
File: pdftex.def 2018/01/08 v1.0l Graphics/color driver for pdftex
))
\Gin@req@height=\dimen103
\Gin@req@width=\dimen104
)
(/usr/local/texlive/2019/texmf-dist/tex/latex/sidecap/sidecap.sty
Package: sidecap 2003/06/06 v1.6f SideCap Package (RN/HjG)

(/usr/local/texlive/2019/texmf-dist/tex/latex/base/ifthen.sty
Package: ifthen 2014/09/29 v1.1c Standard LaTeX ifthen package (DPC)
)
\SC@BOXWD=\dimen105
\SC@CAPWD=\dimen106
\SC@tempdima=\dimen107
\SC@tempdimb=\dimen108
\c@SC@C=\count88
\SC@BOX=\box27
)
(/usr/local/texlive/2019/texmf-dist/tex/latex/tools/enumerate.sty
Package: enumerate 2015/07/23 v3.00 enumerate extensions (DPC)
\@enLab=\toks15
)
(/usr/local/texlive/2019/texmf-dist/tex/latex/floatrow/floatrow.sty
Package: floatrow 2008/08/02 v0.3b floatrow: float package extension

(/usr/local/texlive/2019/texmf-dist/tex/latex/caption/caption3.sty
Package: caption3 2018/09/12 v1.8c caption3 kernel (AR)
Package caption3 Info: TeX engine: e-TeX on input line 64.
\captionmargin=\dimen109
\captionmargin@=\dimen110
\captionwidth=\dimen111
\caption@tempdima=\dimen112
\caption@indent=\dimen113
\caption@parindent=\dimen114
\caption@hangindent=\dimen115
)
\c@float@type=\count89
\float@exts=\toks16
\float@box=\box28
\@floatcapt=\box29
Package floatrow Info: Modified float package code loaded on input line 455.
Package floatrow Info: Modified rotfloat package code loaded on input line 473.

\FR@everyfloat=\toks17
\flrow@foot=\insert199
\FB@wd=\dimen116
\FBo@wd=\dimen117
\FBc@wd=\dimen118
\FBo@ht=\skip43
\FBc@ht=\skip44
\FBf@ht=\skip45
\FBo@max=\skip46
\FBc@max=\skip47
\FBf@max=\skip48
\c@FBl@b=\count90
\floatbox@depth=\count91
\c@FRobj=\count92
\c@FRsobj=\count93
\Xhsize=\skip49
\sXhsize=\skip50
\Zhsize=\skip51
\sZhsize=\skip52
\flrow@rowbox=\box30
\FR@Zunitlength=\dimen119
\c@FBcnt=\count94
\FPOScnt=\count95
\LTleft=\skip53
\LTright=\skip54
\LTleft=\skip55
\LTright=\skip56
\flrow@types=\toks18
)
(/usr/local/texlive/2019/texmf-dist/tex/latex/subfig/subfig.sty
Package: subfig 2005/06/28 ver: 1.3 subfig package

(/usr/local/texlive/2019/texmf-dist/tex/latex/caption/caption.sty
Package: caption 2018/10/06 v3.3-154 Customizing captions (AR)
\c@caption@flags=\count96
\c@ContinuedFloat=\count97
Package caption Info: float package is loaded.
Package caption Info: floatrow package is loaded.
Package caption Info: sidecap package is loaded.
)
\c@KVtest=\count98
\sf@farskip=\skip57
\sf@captopadj=\dimen120
\sf@capskip=\skip58
\sf@nearskip=\skip59
\c@subfigure=\count99
\c@subfigure@save=\count100
\c@lofdepth=\count101
\c@subtable=\count102
\c@subtable@save=\count103
\c@lotdepth=\count104
\sf@top=\skip60
\sf@bottom=\skip61
)
(/usr/local/texlive/2019/texmf-dist/tex/latex/tools/bm.sty
Package: bm 2017/01/16 v1.2c Bold Symbol Support (DPC/FMi)
\symboldoperators=\mathgroup4
\symboldletters=\mathgroup5
\symboldsymbols=\mathgroup6
LaTeX Font Info:    Redeclaring math alphabet \mathbf on input line 141.
LaTeX Info: Redefining \bm on input line 207.
)
(/usr/local/texlive/2019/texmf-dist/tex/latex/mdframed/mdframed.sty
Package: mdframed 2013/07/01 1.9b: mdframed

(/usr/local/texlive/2019/texmf-dist/tex/latex/oberdiek/kvoptions.sty
Package: kvoptions 2016/05/16 v3.12 Key value format for package options (HO)

(/usr/local/texlive/2019/texmf-dist/tex/generic/oberdiek/ltxcmds.sty
Package: ltxcmds 2016/05/16 v1.23 LaTeX kernel commands for general use (HO)
)
(/usr/local/texlive/2019/texmf-dist/tex/generic/oberdiek/kvsetkeys.sty
Package: kvsetkeys 2016/05/16 v1.17 Key value parser (HO)

(/usr/local/texlive/2019/texmf-dist/tex/generic/oberdiek/infwarerr.sty
Package: infwarerr 2016/05/16 v1.4 Providing info/warning/error messages (HO)
)
(/usr/local/texlive/2019/texmf-dist/tex/generic/oberdiek/etexcmds.sty
Package: etexcmds 2016/05/16 v1.6 Avoid name clashes with e-TeX commands (HO)

(/usr/local/texlive/2019/texmf-dist/tex/generic/oberdiek/ifluatex.sty
Package: ifluatex 2016/05/16 v1.4 Provides the ifluatex switch (HO)
Package ifluatex Info: LuaTeX not detected.
))))
(/usr/local/texlive/2019/texmf-dist/tex/latex/l3packages/xparse/xparse.sty
(/usr/local/texlive/2019/texmf-dist/tex/latex/l3kernel/expl3.sty
Package: expl3 2019-05-07 L3 programming layer (loader) 

(/usr/local/texlive/2019/texmf-dist/tex/latex/l3kernel/expl3-code.tex
Package: expl3 2019-05-07 L3 programming layer (code)
\c_max_int=\count105
\l_tmpa_int=\count106
\l_tmpb_int=\count107
\g_tmpa_int=\count108
\g_tmpb_int=\count109
\g__kernel_prg_map_int=\count110
\c__ior_term_ior=\count111
\c_log_iow=\count112
\l_iow_line_count_int=\count113
\l__iow_line_target_int=\count114
\l__iow_one_indent_int=\count115
\l__iow_indent_int=\count116
\c_zero_dim=\dimen121
\c_max_dim=\dimen122
\l_tmpa_dim=\dimen123
\l_tmpb_dim=\dimen124
\g_tmpa_dim=\dimen125
\g_tmpb_dim=\dimen126
\c_zero_skip=\skip62
\c_max_skip=\skip63
\l_tmpa_skip=\skip64
\l_tmpb_skip=\skip65
\g_tmpa_skip=\skip66
\g_tmpb_skip=\skip67
\c_zero_muskip=\muskip10
\c_max_muskip=\muskip11
\l_tmpa_muskip=\muskip12
\l_tmpb_muskip=\muskip13
\g_tmpa_muskip=\muskip14
\g_tmpb_muskip=\muskip15
\l_keys_choice_int=\count117
\l__intarray_loop_int=\count118
\c__intarray_sp_dim=\dimen127
\g__intarray_font_int=\count119
\c__fp_leading_shift_int=\count120
\c__fp_middle_shift_int=\count121
\c__fp_trailing_shift_int=\count122
\c__fp_big_leading_shift_int=\count123
\c__fp_big_middle_shift_int=\count124
\c__fp_big_trailing_shift_int=\count125
\c__fp_Bigg_leading_shift_int=\count126
\c__fp_Bigg_middle_shift_int=\count127
\c__fp_Bigg_trailing_shift_int=\count128
\c__kernel_randint_max_int=\count129
\g__fp_array_int=\count130
\l__fp_array_loop_int=\count131
\l__sort_length_int=\count132
\l__sort_min_int=\count133
\l__sort_top_int=\count134
\l__sort_max_int=\count135
\l__sort_true_max_int=\count136
\l__sort_block_int=\count137
\l__sort_begin_int=\count138
\l__sort_end_int=\count139
\l__sort_A_int=\count140
\l__sort_B_int=\count141
\l__sort_C_int=\count142
\l__tl_analysis_normal_int=\count143
\l__tl_analysis_index_int=\count144
\l__tl_analysis_nesting_int=\count145
\l__tl_analysis_type_int=\count146
\l__regex_internal_a_int=\count147
\l__regex_internal_b_int=\count148
\l__regex_internal_c_int=\count149
\l__regex_balance_int=\count150
\l__regex_group_level_int=\count151
\l__regex_mode_int=\count152
\c__regex_cs_in_class_mode_int=\count153
\c__regex_cs_mode_int=\count154
\l__regex_catcodes_int=\count155
\l__regex_default_catcodes_int=\count156
\c__regex_catcode_D_int=\count157
\c__regex_catcode_S_int=\count158
\c__regex_catcode_L_int=\count159
\c__regex_catcode_O_int=\count160
\c__regex_catcode_A_int=\count161
\c__regex_all_catcodes_int=\count162
\l__regex_show_lines_int=\count163
\l__regex_min_state_int=\count164
\l__regex_max_state_int=\count165
\l__regex_left_state_int=\count166
\l__regex_right_state_int=\count167
\l__regex_capturing_group_int=\count168
\l__regex_min_pos_int=\count169
\l__regex_max_pos_int=\count170
\l__regex_curr_pos_int=\count171
\l__regex_start_pos_int=\count172
\l__regex_success_pos_int=\count173
\l__regex_curr_char_int=\count174
\l__regex_curr_catcode_int=\count175
\l__regex_last_char_int=\count176
\l__regex_case_changed_char_int=\count177
\l__regex_curr_state_int=\count178
\l__regex_step_int=\count179
\l__regex_min_active_int=\count180
\l__regex_max_active_int=\count181
\l__regex_replacement_csnames_int=\count182
\l__regex_match_count_int=\count183
\l__regex_min_submatch_int=\count184
\l__regex_submatch_int=\count185
\l__regex_zeroth_submatch_int=\count186
\g__regex_trace_regex_int=\count187
\c_empty_box=\box31
\l_tmpa_box=\box32
\l_tmpb_box=\box33
\g_tmpa_box=\box34
\g_tmpb_box=\box35
\l__box_top_dim=\dimen128
\l__box_bottom_dim=\dimen129
\l__box_left_dim=\dimen130
\l__box_right_dim=\dimen131
\l__box_top_new_dim=\dimen132
\l__box_bottom_new_dim=\dimen133
\l__box_left_new_dim=\dimen134
\l__box_right_new_dim=\dimen135
\l__box_internal_box=\box36
\l__coffin_internal_box=\box37
\l__coffin_internal_dim=\dimen136
\l__coffin_offset_x_dim=\dimen137
\l__coffin_offset_y_dim=\dimen138
\l__coffin_x_dim=\dimen139
\l__coffin_y_dim=\dimen140
\l__coffin_x_prime_dim=\dimen141
\l__coffin_y_prime_dim=\dimen142
\c_empty_coffin=\box38
\l__coffin_aligned_coffin=\box39
\l__coffin_aligned_internal_coffin=\box40
\l_tmpa_coffin=\box41
\l_tmpb_coffin=\box42
\g_tmpa_coffin=\box43
\g_tmpb_coffin=\box44
\l__coffin_bounding_shift_dim=\dimen143
\l__coffin_left_corner_dim=\dimen144
\l__coffin_right_corner_dim=\dimen145
\l__coffin_bottom_corner_dim=\dimen146
\l__coffin_top_corner_dim=\dimen147
\l__coffin_scaled_total_height_dim=\dimen148
\l__coffin_scaled_width_dim=\dimen149
\c__coffin_empty_coffin=\box45
\l__coffin_display_coffin=\box46
\l__coffin_display_coord_coffin=\box47
\l__coffin_display_pole_coffin=\box48
\l__coffin_display_offset_dim=\dimen150
\l__coffin_display_x_dim=\dimen151
\l__coffin_display_y_dim=\dimen152
\g__file_internal_ior=\read1
\l__seq_internal_a_int=\count188
\l__seq_internal_b_int=\count189
\c__deprecation_minus_one=\count190
)
(/usr/local/texlive/2019/texmf-dist/tex/latex/l3kernel/l3pdfmode.def
File: l3pdfmode.def 2019-04-06 v L3 Experimental driver: PDF mode
\l__driver_color_stack_int=\count191
\l__driver_pdf_tmp_box=\box49
))
Package: xparse 2019-05-03 L3 Experimental document command parser
\l__xparse_current_arg_int=\count192
\g__xparse_grabber_int=\count193
\l__xparse_m_args_int=\count194
\l__xparse_v_nesting_int=\count195
)
(/usr/local/texlive/2019/texmf-dist/tex/latex/etoolbox/etoolbox.sty
Package: etoolbox 2018/08/19 v2.5f e-TeX tools for LaTeX (JAW)
\etb@tempcnta=\count196
)
(/usr/local/texlive/2019/texmf-dist/tex/latex/oberdiek/zref-abspage.sty
Package: zref-abspage 2018/11/21 v2.27 Module abspage for zref (HO)

(/usr/local/texlive/2019/texmf-dist/tex/latex/oberdiek/zref-base.sty
Package: zref-base 2018/11/21 v2.27 Module base for zref (HO)

(/usr/local/texlive/2019/texmf-dist/tex/generic/oberdiek/kvdefinekeys.sty
Package: kvdefinekeys 2016/05/16 v1.4 Define keys (HO)
)
(/usr/local/texlive/2019/texmf-dist/tex/generic/oberdiek/pdftexcmds.sty
Package: pdftexcmds 2018/09/10 v0.29 Utility functions of pdfTeX for LuaTeX (HO
)

(/usr/local/texlive/2019/texmf-dist/tex/generic/oberdiek/ifpdf.sty
Package: ifpdf 2018/09/07 v3.3 Provides the ifpdf switch
)
Package pdftexcmds Info: LuaTeX not detected.
Package pdftexcmds Info: \pdf@primitive is available.
Package pdftexcmds Info: \pdf@ifprimitive is available.
Package pdftexcmds Info: \pdfdraftmode found.
)
(/usr/local/texlive/2019/texmf-dist/tex/latex/oberdiek/auxhook.sty
Package: auxhook 2016/05/16 v1.4 Hooks for auxiliary files (HO)
)
Package zref Info: New property list: main on input line 759.
Package zref Info: New property: default on input line 760.
Package zref Info: New property: page on input line 761.
)
(/usr/local/texlive/2019/texmf-dist/tex/generic/oberdiek/atbegshi.sty
Package: atbegshi 2016/06/09 v1.18 At begin shipout hook (HO)
)
\c@abspage=\count197
Package zref Info: New property: abspage on input line 62.
)
(/usr/local/texlive/2019/texmf-dist/tex/latex/needspace/needspace.sty
Package: needspace 2010/09/12 v1.3d reserve vertical space
)
(/usr/local/texlive/2019/texmf-dist/tex/latex/graphics/color.sty
Package: color 2016/07/10 v1.1e Standard LaTeX Color (DPC)

(/usr/local/texlive/2019/texmf-dist/tex/latex/graphics-cfg/color.cfg
File: color.cfg 2016/01/02 v1.6 sample color configuration
)
Package color Info: Driver file: pdftex.def on input line 147.
)
\mdf@templength=\skip68
\c@mdf@globalstyle@cnt=\count198
\mdf@skipabove@length=\skip69
\mdf@skipbelow@length=\skip70
\mdf@leftmargin@length=\skip71
\mdf@rightmargin@length=\skip72
\mdf@innerleftmargin@length=\skip73
\mdf@innerrightmargin@length=\skip74
\mdf@innertopmargin@length=\skip75
\mdf@innerbottommargin@length=\skip76
\mdf@splittopskip@length=\skip77
\mdf@splitbottomskip@length=\skip78
\mdf@outermargin@length=\skip79
\mdf@innermargin@length=\skip80
\mdf@linewidth@length=\skip81
\mdf@innerlinewidth@length=\skip82
\mdf@middlelinewidth@length=\skip83
\mdf@outerlinewidth@length=\skip84
\mdf@roundcorner@length=\skip85
\mdf@footenotedistance@length=\skip86
\mdf@userdefinedwidth@length=\skip87
\mdf@needspace@length=\skip88
\mdf@frametitleaboveskip@length=\skip89
\mdf@frametitlebelowskip@length=\skip90
\mdf@frametitlerulewidth@length=\skip91
\mdf@frametitleleftmargin@length=\skip92
\mdf@frametitlerightmargin@length=\skip93
\mdf@shadowsize@length=\skip94
\mdf@extratopheight@length=\skip95
\mdf@subtitleabovelinewidth@length=\skip96
\mdf@subtitlebelowlinewidth@length=\skip97
\mdf@subtitleaboveskip@length=\skip98
\mdf@subtitlebelowskip@length=\skip99
\mdf@subtitleinneraboveskip@length=\skip100
\mdf@subtitleinnerbelowskip@length=\skip101
\mdf@subsubtitleabovelinewidth@length=\skip102
\mdf@subsubtitlebelowlinewidth@length=\skip103
\mdf@subsubtitleaboveskip@length=\skip104
\mdf@subsubtitlebelowskip@length=\skip105
\mdf@subsubtitleinneraboveskip@length=\skip106
\mdf@subsubtitleinnerbelowskip@length=\skip107

(/usr/local/texlive/2019/texmf-dist/tex/latex/mdframed/md-frame-0.mdf
File: md-frame-0.mdf 2013/07/01\ 1.9b: md-frame-0
)
\mdf@frametitlebox=\box50
\mdf@footnotebox=\box51
\mdf@splitbox@one=\box52
\mdf@splitbox@two=\box53
\mdf@splitbox@save=\box54
\mdfsplitboxwidth=\skip108
\mdfsplitboxtotalwidth=\skip109
\mdfsplitboxheight=\skip110
\mdfsplitboxdepth=\skip111
\mdfsplitboxtotalheight=\skip112
\mdfframetitleboxwidth=\skip113
\mdfframetitleboxtotalwidth=\skip114
\mdfframetitleboxheight=\skip115
\mdfframetitleboxdepth=\skip116
\mdfframetitleboxtotalheight=\skip117
\mdffootnoteboxwidth=\skip118
\mdffootnoteboxtotalwidth=\skip119
\mdffootnoteboxheight=\skip120
\mdffootnoteboxdepth=\skip121
\mdffootnoteboxtotalheight=\skip122
\mdftotallinewidth=\skip123
\mdfboundingboxwidth=\skip124
\mdfboundingboxtotalwidth=\skip125
\mdfboundingboxheight=\skip126
\mdfboundingboxdepth=\skip127
\mdfboundingboxtotalheight=\skip128
\mdf@freevspace@length=\skip129
\mdf@horizontalwidthofbox@length=\skip130
\mdf@verticalmarginwhole@length=\skip131
\mdf@horizontalspaceofbox=\skip132
\mdfsubtitleheight=\skip133
\mdfsubsubtitleheight=\skip134
\c@mdfcountframes=\count266

****** mdframed patching \endmdf@trivlist

****** -- success******

\mdf@envdepth=\count267
\c@mdf@env@i=\count268
\c@mdf@env@ii=\count269
\c@mdf@zref@counter=\count270
Package zref Info: New property: mdf@pagevalue on input line 895.
)
(/usr/local/texlive/2019/texmf-dist/tex/latex/listings/listings.sty
\lst@mode=\count271
\lst@gtempboxa=\box55
\lst@token=\toks19
\lst@length=\count272
\lst@currlwidth=\dimen153
\lst@column=\count273
\lst@pos=\count274
\lst@lostspace=\dimen154
\lst@width=\dimen155
\lst@newlines=\count275
\lst@lineno=\count276
\lst@maxwidth=\dimen156

(/usr/local/texlive/2019/texmf-dist/tex/latex/listings/lstmisc.sty
File: lstmisc.sty 2019/02/27 1.8b (Carsten Heinz)
\c@lstnumber=\count277
\lst@skipnumbers=\count278
\lst@framebox=\box56
)
(/usr/local/texlive/2019/texmf-dist/tex/latex/listings/listings.cfg
File: listings.cfg 2019/02/27 1.8b listings configuration
))
Package: listings 2019/02/27 1.8b (Carsten Heinz)

(/usr/local/texlive/2019/texmf-dist/tex/latex/mathtools/mathtools.sty
Package: mathtools 2018/01/08 v1.21 mathematical typesetting tools

(/usr/local/texlive/2019/texmf-dist/tex/latex/tools/calc.sty
Package: calc 2017/05/25 v4.3 Infix arithmetic (KKT,FJ)
\calc@Acount=\count279
\calc@Bcount=\count280
\calc@Adimen=\dimen157
\calc@Bdimen=\dimen158
\calc@Askip=\skip135
\calc@Bskip=\skip136
LaTeX Info: Redefining \setlength on input line 80.
LaTeX Info: Redefining \addtolength on input line 81.
\calc@Ccount=\count281
\calc@Cskip=\skip137
)
(/usr/local/texlive/2019/texmf-dist/tex/latex/mathtools/mhsetup.sty
Package: mhsetup 2017/03/31 v1.3 programming setup (MH)
)
(/usr/local/texlive/2019/texmf-dist/tex/latex/amsmath/amsmath.sty
Package: amsmath 2018/12/01 v2.17b AMS math features
\@mathmargin=\skip138

For additional information on amsmath, use the `?' option.
(/usr/local/texlive/2019/texmf-dist/tex/latex/amsmath/amstext.sty
Package: amstext 2000/06/29 v2.01 AMS text

(/usr/local/texlive/2019/texmf-dist/tex/latex/amsmath/amsgen.sty
File: amsgen.sty 1999/11/30 v2.0 generic functions
\@emptytoks=\toks20
\ex@=\dimen159
))
(/usr/local/texlive/2019/texmf-dist/tex/latex/amsmath/amsbsy.sty
Package: amsbsy 1999/11/29 v1.2d Bold Symbols
LaTeX Info: Redefining \boldsymbol on input line 28.
\pmbraise@=\dimen160
)
(/usr/local/texlive/2019/texmf-dist/tex/latex/amsmath/amsopn.sty
Package: amsopn 2016/03/08 v2.02 operator names
)
\inf@bad=\count282
LaTeX Info: Redefining \frac on input line 223.
\uproot@=\count283
\leftroot@=\count284
LaTeX Info: Redefining \overline on input line 385.
\classnum@=\count285
\DOTSCASE@=\count286
LaTeX Info: Redefining \ldots on input line 482.
LaTeX Info: Redefining \dots on input line 485.
LaTeX Info: Redefining \cdots on input line 606.
\Mathstrutbox@=\box57
\strutbox@=\box58
\big@size=\dimen161
LaTeX Font Info:    Redeclaring font encoding OML on input line 729.
LaTeX Font Info:    Redeclaring font encoding OMS on input line 730.
\macc@depth=\count287
\c@MaxMatrixCols=\count288
\dotsspace@=\muskip16
\c@parentequation=\count289
\dspbrk@lvl=\count290
\tag@help=\toks21
\row@=\count291
\column@=\count292
\maxfields@=\count293
\andhelp@=\toks22
\eqnshift@=\dimen162
\alignsep@=\dimen163
\tagshift@=\dimen164
\tagwidth@=\dimen165
\totwidth@=\dimen166
\lineht@=\dimen167
\@envbody=\toks23
\multlinegap=\skip139
\multlinetaggap=\skip140
\mathdisplay@stack=\toks24
LaTeX Info: Redefining \[ on input line 2844.
LaTeX Info: Redefining \] on input line 2845.
)
LaTeX Info: Thecontrolsequence`\('isalreadyrobust on input line 129.
LaTeX Info: Thecontrolsequence`\)'isalreadyrobust on input line 129.
LaTeX Info: Thecontrolsequence`\['isalreadyrobust on input line 129.
LaTeX Info: Thecontrolsequence`\]'isalreadyrobust on input line 129.
\g_MT_multlinerow_int=\count294
\l_MT_multwidth_dim=\dimen168
\origjot=\skip141
\l_MT_shortvdotswithinadjustabove_dim=\dimen169
\l_MT_shortvdotswithinadjustbelow_dim=\dimen170
\l_MT_above_intertext_sep=\dimen171
\l_MT_below_intertext_sep=\dimen172
\l_MT_above_shortintertext_sep=\dimen173
\l_MT_below_shortintertext_sep=\dimen174
)
(/usr/local/texlive/2019/texmf-dist/tex/latex/xcolor/xcolor.sty
Package: xcolor 2016/05/11 v2.12 LaTeX color extensions (UK)

(/usr/local/texlive/2019/texmf-dist/tex/latex/graphics-cfg/color.cfg
File: color.cfg 2016/01/02 v1.6 sample color configuration
)
Package xcolor Info: Driver file: pdftex.def on input line 225.
LaTeX Info: Redefining \color on input line 709.
Package xcolor Info: Model `cmy' substituted by `cmy0' on input line 1348.
Package xcolor Info: Model `hsb' substituted by `rgb' on input line 1352.
Package xcolor Info: Model `RGB' extended on input line 1364.
Package xcolor Info: Model `HTML' substituted by `rgb' on input line 1366.
Package xcolor Info: Model `Hsb' substituted by `hsb' on input line 1367.
Package xcolor Info: Model `tHsb' substituted by `hsb' on input line 1368.
Package xcolor Info: Model `HSB' substituted by `hsb' on input line 1369.
Package xcolor Info: Model `Gray' substituted by `gray' on input line 1370.
Package xcolor Info: Model `wave' substituted by `hsb' on input line 1371.

(/usr/local/texlive/2019/texmf-dist/tex/latex/graphics/dvipsnam.def
File: dvipsnam.def 2016/06/17 v3.0m Driver-dependent file (DPC,SPQR)
))
(/usr/local/texlive/2019/texmf-dist/tex/latex/capt-of/capt-of.sty
Package: capt-of 2009/12/29 v0.2 standard captions outside of floats
)
(/usr/local/texlive/2019/texmf-dist/tex/latex/fontawesome/fontawesome.sty
Package: fontawesome 2016/05/15 v4.6.3.1 font awesome icons

(/usr/local/texlive/2019/texmf-dist/tex/generic/ifxetex/ifxetex.sty
Package: ifxetex 2010/09/12 v0.6 Provides ifxetex conditional
)
(/usr/local/texlive/2019/texmf-dist/tex/latex/fontawesome/fontawesomesymbols-ge
neric.tex)
(/usr/local/texlive/2019/texmf-dist/tex/latex/fontawesome/fontawesomesymbols-pd
ftex.tex)) (/usr/local/texlive/2019/texmf-dist/tex/latex/tools/tabularx.sty
Package: tabularx 2016/02/03 v2.11b `tabularx' package (DPC)

(/usr/local/texlive/2019/texmf-dist/tex/latex/tools/array.sty
Package: array 2018/12/30 v2.4k Tabular extension package (FMi)
\col@sep=\dimen175
\ar@mcellbox=\box59
\extrarowheight=\dimen176
\NC@list=\toks25
\extratabsurround=\skip142
\backup@length=\skip143
\ar@cellbox=\box60
)
\TX@col@width=\dimen177
\TX@old@table=\dimen178
\TX@old@col=\dimen179
\TX@target=\dimen180
\TX@delta=\dimen181
\TX@cols=\count295
\TX@ftn=\toks26
)
(/usr/local/texlive/2019/texmf-dist/tex/latex/tabulary/tabulary.sty
Package: tabulary 2014/06/11 v0.10 tabulary package (DPC)
\TY@count=\count296
\TY@linewidth=\dimen182
\tymin=\dimen183
\tymax=\dimen184
\TY@tablewidth=\dimen185
)
(/usr/local/texlive/2019/texmf-dist/tex/latex/titlesec/titlesec.sty
Package: titlesec 2016/03/21 v2.10.2 Sectioning titles
\ttl@box=\box61
\beforetitleunit=\skip144
\aftertitleunit=\skip145
\ttl@plus=\dimen186
\ttl@minus=\dimen187
\ttl@toksa=\toks27
\titlewidth=\dimen188
\titlewidthlast=\dimen189
\titlewidthfirst=\dimen190
)
(/usr/local/texlive/2019/texmf-dist/tex/latex/tocloft/tocloft.sty
Package: tocloft 2017/08/31 v2.3i parameterised ToC, etc., typesetting
Package tocloft Info: The document has section divisions on input line 51.
\cftparskip=\skip146
\cftbeforetoctitleskip=\skip147
\cftaftertoctitleskip=\skip148
\cftbeforepartskip=\skip149
\cftpartnumwidth=\skip150
\cftpartindent=\skip151
\cftbeforesecskip=\skip152
\cftsecindent=\skip153
\cftsecnumwidth=\skip154
\cftbeforesubsecskip=\skip155
\cftsubsecindent=\skip156
\cftsubsecnumwidth=\skip157
\cftbeforesubsubsecskip=\skip158
\cftsubsubsecindent=\skip159
\cftsubsubsecnumwidth=\skip160
\cftbeforeparaskip=\skip161
\cftparaindent=\skip162
\cftparanumwidth=\skip163
\cftbeforesubparaskip=\skip164
\cftsubparaindent=\skip165
\cftsubparanumwidth=\skip166
\cftbeforeloftitleskip=\skip167
\cftafterloftitleskip=\skip168
\cftbeforefigskip=\skip169
\cftfigindent=\skip170
\cftfignumwidth=\skip171
\cftbeforelottitleskip=\skip172
\cftafterlottitleskip=\skip173
\cftbeforetabskip=\skip174
\cfttabindent=\skip175
\cfttabnumwidth=\skip176
\cftbeforesubfigskip=\skip177
\cftsubfigindent=\skip178
\cftsubfignumwidth=\skip179
\cftbeforesubtabskip=\skip180
\cftsubtabindent=\skip181
\cftsubtabnumwidth=\skip182
)
(/usr/local/texlive/2019/texmf-dist/tex/latex/booktabs/booktabs.sty
Package: booktabs 2016/04/27 v1.618033 publication quality tables
\heavyrulewidth=\dimen191
\lightrulewidth=\dimen192
\cmidrulewidth=\dimen193
\belowrulesep=\dimen194
\belowbottomsep=\dimen195
\aboverulesep=\dimen196
\abovetopsep=\dimen197
\cmidrulesep=\dimen198
\cmidrulekern=\dimen256
\defaultaddspace=\dimen257
\@cmidla=\count297
\@cmidlb=\count298
\@aboverulesep=\dimen258
\@belowrulesep=\dimen259
\@thisruleclass=\count299
\@lastruleclass=\count300
\@thisrulewidth=\dimen260
)
(/usr/local/texlive/2019/texmf-dist/tex/latex/siunitx/siunitx.sty
Package: siunitx 2018/05/17 v2.7s A comprehensive (SI) units package

(/usr/local/texlive/2019/texmf-dist/tex/latex/l3packages/l3keys2e/l3keys2e.sty
Package: l3keys2e 2019-05-03 LaTeX2e option processing using LaTeX3 keys
)
\l__siunitx_tmp_box=\box62
\l__siunitx_tmp_dim=\dimen261
\l__siunitx_tmp_int=\count301
\l__siunitx_number_mantissa_length_int=\count302
\l__siunitx_number_uncert_length_int=\count303
\l__siunitx_round_int=\count304
\l__siunitx_process_decimal_int=\count305
\l__siunitx_process_uncertainty_int=\count306
\l__siunitx_process_fixed_int=\count307
\l__siunitx_process_integer_min_int=\count308
\l__siunitx_process_precision_int=\count309
\l__siunitx_group_min_int=\count310
\l__siunitx_angle_marker_box=\box63
\l__siunitx_angle_unit_box=\box64
\l__siunitx_angle_marker_dim=\dimen262
\l__siunitx_angle_unit_dim=\dimen263
\l__siunitx_unit_int=\count311
\l__siunitx_unit_denominator_int=\count312
\l__siunitx_unit_numerator_int=\count313
\l__siunitx_unit_prefix_int=\count314
\l__siunitx_unit_prefix_base_int=\count315
\l__siunitx_unit_prefix_gram_int=\count316
\l__siunitx_number_product_int=\count317
\c__siunitx_one_fill_skip=\skip183
\l__siunitx_table_unit_align_skip=\skip184
\l__siunitx_table_exponent_dim=\dimen264
\l__siunitx_table_integer_dim=\dimen265
\l__siunitx_table_mantissa_dim=\dimen266
\l__siunitx_table_marker_dim=\dimen267
\l__siunitx_table_result_dim=\dimen268
\l__siunitx_table_uncert_dim=\dimen269
\l__siunitx_table_fill_pre_dim=\dimen270
\l__siunitx_table_fill_post_dim=\dimen271
\l__siunitx_table_fill_mid_dim=\dimen272
\l__siunitx_table_pre_box=\box65
\l__siunitx_table_post_box=\box66
\l__siunitx_table_mantissa_box=\box67
\l__siunitx_table_result_box=\box68
\l__siunitx_table_number_align_skip=\skip185
\l__siunitx_table_text_align_skip=\skip186
(/usr/local/texlive/2019/texmf-dist/tex/latex/translator/translator.sty
Package: translator 2018/01/04 v1.12 Easy translation of strings in LaTeX
))
(/usr/local/texlive/2019/texmf-dist/tex/latex/chngcntr/chngcntr.sty
Package: chngcntr 2018/04/09 v1.1a change counter resetting
Package chngcntr Info: \counterwithout already defined.
(chngcntr)             Quitting chngcntr on input line 21.
)
(/usr/local/texlive/2019/texmf-dist/tex/latex/hyperref/hyperref.sty
Package: hyperref 2018/11/30 v6.88e Hypertext links for LaTeX

(/usr/local/texlive/2019/texmf-dist/tex/generic/oberdiek/hobsub-hyperref.sty
Package: hobsub-hyperref 2016/05/16 v1.14 Bundle oberdiek, subset hyperref (HO)


(/usr/local/texlive/2019/texmf-dist/tex/generic/oberdiek/hobsub-generic.sty
Package: hobsub-generic 2016/05/16 v1.14 Bundle oberdiek, subset generic (HO)
Package: hobsub 2016/05/16 v1.14 Construct package bundles (HO)
Package hobsub Info: Skipping package `infwarerr' (already loaded).
Package hobsub Info: Skipping package `ltxcmds' (already loaded).
Package hobsub Info: Skipping package `ifluatex' (already loaded).
Package: ifvtex 2016/05/16 v1.6 Detect VTeX and its facilities (HO)
Package ifvtex Info: VTeX not detected.
Package: intcalc 2016/05/16 v1.2 Expandable calculations with integers (HO)
Package hobsub Info: Skipping package `ifpdf' (already loaded).
Package hobsub Info: Skipping package `etexcmds' (already loaded).
Package hobsub Info: Skipping package `kvsetkeys' (already loaded).
Package hobsub Info: Skipping package `kvdefinekeys' (already loaded).
Package hobsub Info: Skipping package `pdftexcmds' (already loaded).
Package: pdfescape 2016/05/16 v1.14 Implements pdfTeX's escape features (HO)
Package: bigintcalc 2016/05/16 v1.4 Expandable calculations on big integers (HO
)
Package: bitset 2016/05/16 v1.2 Handle bit-vector datatype (HO)
Package: uniquecounter 2016/05/16 v1.3 Provide unlimited unique counter (HO)
)
Package hobsub Info: Skipping package `hobsub' (already loaded).
Package: letltxmacro 2016/05/16 v1.5 Let assignment for LaTeX macros (HO)
Package: hopatch 2016/05/16 v1.3 Wrapper for package hooks (HO)
Package: xcolor-patch 2016/05/16 xcolor patch
Package: atveryend 2016/05/16 v1.9 Hooks at the very end of document (HO)
Package hobsub Info: Skipping package `atbegshi' (already loaded).
Package: refcount 2016/05/16 v3.5 Data extraction from label references (HO)
Package: hycolor 2016/05/16 v1.8 Color options for hyperref/bookmark (HO)
)
\@linkdim=\dimen273
\Hy@linkcounter=\count318
\Hy@pagecounter=\count319

(/usr/local/texlive/2019/texmf-dist/tex/latex/hyperref/pd1enc.def
File: pd1enc.def 2018/11/30 v6.88e Hyperref: PDFDocEncoding definition (HO)
Now handling font encoding PD1 ...
... no UTF-8 mapping file for font encoding PD1
)
\Hy@SavedSpaceFactor=\count320

(/usr/local/texlive/2019/texmf-dist/tex/latex/latexconfig/hyperref.cfg
File: hyperref.cfg 2002/06/06 v1.2 hyperref configuration of TeXLive
)
Package hyperref Info: Option `colorlinks' set `true' on input line 4393.
Package hyperref Info: Option `linktocpage' set `true' on input line 4393.
Package hyperref Info: Hyper figures OFF on input line 4519.
Package hyperref Info: Link nesting OFF on input line 4524.
Package hyperref Info: Hyper index ON on input line 4527.
Package hyperref Info: Plain pages OFF on input line 4534.
Package hyperref Info: Backreferencing OFF on input line 4539.
Package hyperref Info: Implicit mode ON; LaTeX internals redefined.
Package hyperref Info: Bookmarks ON on input line 4772.
\c@Hy@tempcnt=\count321

(/usr/local/texlive/2019/texmf-dist/tex/latex/url/url.sty
\Urlmuskip=\muskip17
Package: url 2013/09/16  ver 3.4  Verb mode for urls, etc.
)
LaTeX Info: Redefining \url on input line 5125.
\XeTeXLinkMargin=\dimen274
\Fld@menulength=\count322
\Field@Width=\dimen275
\Fld@charsize=\dimen276
Package hyperref Info: Hyper figures OFF on input line 6380.
Package hyperref Info: Link nesting OFF on input line 6385.
Package hyperref Info: Hyper index ON on input line 6388.
Package hyperref Info: backreferencing OFF on input line 6395.
Package hyperref Info: Link coloring ON on input line 6398.
Package hyperref Info: Link coloring with OCG OFF on input line 6405.
Package hyperref Info: PDF/A mode OFF on input line 6410.
LaTeX Info: Redefining \ref on input line 6450.
LaTeX Info: Redefining \pageref on input line 6454.
\Hy@abspage=\count323
\c@Item=\count324
\c@Hfootnote=\count325
)
Package hyperref Info: Driver (autodetected): hpdftex.

(/usr/local/texlive/2019/texmf-dist/tex/latex/hyperref/hpdftex.def
File: hpdftex.def 2018/11/30 v6.88e Hyperref driver for pdfTeX
\HyAnn@Count=\count326
\Fld@listcount=\count327
\c@bookmark@seq@number=\count328

(/usr/local/texlive/2019/texmf-dist/tex/latex/oberdiek/rerunfilecheck.sty
Package: rerunfilecheck 2016/05/16 v1.8 Rerun checks for auxiliary files (HO)
Package uniquecounter Info: New unique counter `rerunfilecheck' on input line 2
82.
)
\Hy@SectionHShift=\skip187
)
(/usr/local/texlive/2019/texmf-dist/tex/latex/biblatex/biblatex.sty
Package: biblatex 2018/11/02 v3.12 programmable bibliographies (PK/MW)

(/usr/local/texlive/2019/texmf-dist/tex/latex/logreq/logreq.sty
Package: logreq 2010/08/04 v1.0 xml request logger
\lrq@indent=\count329

(/usr/local/texlive/2019/texmf-dist/tex/latex/logreq/logreq.def
File: logreq.def 2010/08/04 v1.0 logreq spec v1.0
))
\c@tabx@nest=\count330
\c@listtotal=\count331
\c@listcount=\count332
\c@liststart=\count333
\c@liststop=\count334
\c@citecount=\count335
\c@citetotal=\count336
\c@multicitecount=\count337
\c@multicitetotal=\count338
\c@instcount=\count339
\c@maxnames=\count340
\c@minnames=\count341
\c@maxitems=\count342
\c@minitems=\count343
\c@citecounter=\count344
\c@maxcitecounter=\count345
\c@savedcitecounter=\count346
\c@uniquelist=\count347
\c@uniquename=\count348
\c@refsection=\count349
\c@refsegment=\count350
\c@maxextratitle=\count351
\c@maxextratitleyear=\count352
\c@maxextraname=\count353
\c@maxextradate=\count354
\c@maxextraalpha=\count355
\c@abbrvpenalty=\count356
\c@highnamepenalty=\count357
\c@lownamepenalty=\count358
\c@maxparens=\count359
\c@parenlevel=\count360
\blx@tempcnta=\count361
\blx@tempcntb=\count362
\blx@tempcntc=\count363
\blx@maxsection=\count364
\blx@maxsegment@0=\count365
\blx@notetype=\count366
\blx@parenlevel@text=\count367
\blx@parenlevel@foot=\count368
\blx@sectionciteorder@0=\count369
\blx@entrysetcounter=\count370
\labelnumberwidth=\skip188
\labelalphawidth=\skip189
\biblabelsep=\skip190
\bibitemsep=\skip191
\bibnamesep=\skip192
\bibinitsep=\skip193
\bibparsep=\skip194
\bibhang=\skip195
\blx@bcfin=\read2
\blx@bcfout=\write3
\c@mincomprange=\count371
\c@maxcomprange=\count372
\c@mincompwidth=\count373
Package biblatex Info: Trying to load biblatex default data model...
Package biblatex Info: ... file 'blx-dm.def' found.

(/usr/local/texlive/2019/texmf-dist/tex/latex/biblatex/blx-dm.def
File: blx-dm.def 2018/11/02 v3.12 biblatex localization (PK/MW)
)
Package biblatex Info: Trying to load biblatex style data model...
Package biblatex Info: ... file 'numeric-comp.dbx' not found.
Package biblatex Info: Trying to load biblatex custom data model...
Package biblatex Info: ... file 'biblatex-dm.cfg' not found.
\c@afterword=\count374
\c@savedafterword=\count375
\c@annotator=\count376
\c@savedannotator=\count377
\c@author=\count378
\c@savedauthor=\count379
\c@bookauthor=\count380
\c@savedbookauthor=\count381
\c@commentator=\count382
\c@savedcommentator=\count383
\c@editor=\count384
\c@savededitor=\count385
\c@editora=\count386
\c@savededitora=\count387
\c@editorb=\count388
\c@savededitorb=\count389
\c@editorc=\count390
\c@savededitorc=\count391
\c@foreword=\count392
\c@savedforeword=\count393
\c@holder=\count394
\c@savedholder=\count395
\c@introduction=\count396
\c@savedintroduction=\count397
\c@namea=\count398
\c@savednamea=\count399
\c@nameb=\count400
\c@savednameb=\count401
\c@namec=\count402
\c@savednamec=\count403
\c@translator=\count404
\c@savedtranslator=\count405
\c@shortauthor=\count406
\c@savedshortauthor=\count407
\c@shorteditor=\count408
\c@savedshorteditor=\count409
\c@labelname=\count410
\c@savedlabelname=\count411
\c@institution=\count412
\c@savedinstitution=\count413
\c@lista=\count414
\c@savedlista=\count415
\c@listb=\count416
\c@savedlistb=\count417
\c@listc=\count418
\c@savedlistc=\count419
\c@listd=\count420
\c@savedlistd=\count421
\c@liste=\count422
\c@savedliste=\count423
\c@listf=\count424
\c@savedlistf=\count425
\c@location=\count426
\c@savedlocation=\count427
\c@organization=\count428
\c@savedorganization=\count429
\c@origlocation=\count430
\c@savedoriglocation=\count431
\c@origpublisher=\count432
\c@savedorigpublisher=\count433
\c@publisher=\count434
\c@savedpublisher=\count435
\c@language=\count436
\c@savedlanguage=\count437
\c@origlanguage=\count438
\c@savedoriglanguage=\count439
\c@pageref=\count440
\c@savedpageref=\count441
\shorthandwidth=\skip196
\shortjournalwidth=\skip197
\shortserieswidth=\skip198
\shorttitlewidth=\skip256
\shortauthorwidth=\skip257
\shorteditorwidth=\skip258
\locallabelnumberwidth=\skip259
\locallabelalphawidth=\skip260
\localshorthandwidth=\skip261
\localshortjournalwidth=\skip262
\localshortserieswidth=\skip263
\localshorttitlewidth=\skip264
\localshortauthorwidth=\skip265
\localshorteditorwidth=\skip266
Package biblatex Info: Trying to load compatibility code...
Package biblatex Info: ... file 'blx-compat.def' found.

(/usr/local/texlive/2019/texmf-dist/tex/latex/biblatex/blx-compat.def
File: blx-compat.def 2018/11/02 v3.12 biblatex compatibility (PK/MW)
)
Package biblatex Info: Trying to load generic definitions...
Package biblatex Info: ... file 'biblatex.def' found.

(/usr/local/texlive/2019/texmf-dist/tex/latex/biblatex/biblatex.def
File: biblatex.def 2018/11/02 v3.12 biblatex compatibility (PK/MW)
\c@textcitecount=\count442
\c@textcitetotal=\count443
\c@textcitemaxnames=\count444
\c@biburlnumpenalty=\count445
\c@biburlucpenalty=\count446
\c@biburllcpenalty=\count447
\c@smartand=\count448
)
Package biblatex Info: Trying to load bibliography style 'numeric-comp'...
Package biblatex Info: ... file 'numeric-comp.bbx' found.

(/usr/local/texlive/2019/texmf-dist/tex/latex/biblatex/bbx/numeric-comp.bbx
File: numeric-comp.bbx 2018/11/02 v3.12 biblatex bibliography style (PK/MW)
Package biblatex Info: Trying to load bibliography style 'numeric'...
Package biblatex Info: ... file 'numeric.bbx' found.

(/usr/local/texlive/2019/texmf-dist/tex/latex/biblatex/bbx/numeric.bbx
File: numeric.bbx 2018/11/02 v3.12 biblatex bibliography style (PK/MW)
Package biblatex Info: Trying to load bibliography style 'standard'...
Package biblatex Info: ... file 'standard.bbx' found.

(/usr/local/texlive/2019/texmf-dist/tex/latex/biblatex/bbx/standard.bbx
File: standard.bbx 2018/11/02 v3.12 biblatex bibliography style (PK/MW)
\c@bbx:relatedcount=\count449
\c@bbx:relatedtotal=\count450
)))
Package biblatex Info: Trying to load citation style 'numeric-comp'...
Package biblatex Info: ... file 'numeric-comp.cbx' found.

(/usr/local/texlive/2019/texmf-dist/tex/latex/biblatex/cbx/numeric-comp.cbx
File: numeric-comp.cbx 2018/11/02 v3.12 biblatex citation style (PK/MW)
\c@cbx@tempcnta=\count451
\c@cbx@tempcntb=\count452
Package biblatex Info: Redefining '\cite'.
Package biblatex Info: Redefining '\parencite'.
Package biblatex Info: Redefining '\footcite'.
Package biblatex Info: Redefining '\footcitetext'.
Package biblatex Info: Redefining '\smartcite'.
Package biblatex Info: Redefining '\supercite'.
Package biblatex Info: Redefining '\textcite'.
Package biblatex Info: Redefining '\textcites'.
Package biblatex Info: Redefining '\cites'.
Package biblatex Info: Redefining '\parencites'.
Package biblatex Info: Redefining '\smartcites'.
)
Package biblatex Info: Trying to load configuration file...
Package biblatex Info: ... file 'biblatex.cfg' found.

(/usr/local/texlive/2019/texmf-dist/tex/latex/biblatex/biblatex.cfg
File: biblatex.cfg 
))
(/usr/local/texlive/2019/texmf-dist/tex/latex/csquotes/csquotes.sty
Package: csquotes 2018/04/13 v5.2d context-sensitive quotations (JAW)
\csq@reset=\count453
\csq@gtype=\count454
\csq@glevel=\count455
\csq@qlevel=\count456
\csq@maxlvl=\count457
\csq@tshold=\count458
\csq@ltx@everypar=\toks28

(/usr/local/texlive/2019/texmf-dist/tex/latex/csquotes/csquotes.def
File: csquotes.def 2018/04/13 v5.2d csquotes generic definitions (JAW)
)
Package csquotes Info: Trying to load configuration file 'csquotes.cfg'...
Package csquotes Info: ... configuration file loaded successfully.

(/usr/local/texlive/2019/texmf-dist/tex/latex/csquotes/csquotes.cfg
File: csquotes.cfg 
)
Package csquotes Info: Enabling multilingual quotes.
Package csquotes Info: Redefining alias 'english' -> 'english/american'.
)
Package csquotes Info: Allocating character ".
Package biblatex Info: Trying to load language 'english'...
Package biblatex Info: ... file 'english.lbx' found.

(/usr/local/texlive/2019/texmf-dist/tex/latex/biblatex/lbx/english.lbx
File: english.lbx 2018/11/02 v3.12 biblatex localization (PK/MW)
)
Package csquotes Info: Checking for multilingual support...
Package csquotes Info: ... none found.


Package csquotes Warning: No multilingual support.
(csquotes)                Cannot enable multilingual quotes on input line 144.

No file P1.aux.
\openout1 = `P1.aux'.

LaTeX Font Info:    Checking defaults for OML/cmm/m/it on input line 144.
LaTeX Font Info:    ... okay on input line 144.
LaTeX Font Info:    Checking defaults for T1/cmr/m/n on input line 144.
LaTeX Font Info:    ... okay on input line 144.
LaTeX Font Info:    Checking defaults for OT1/cmr/m/n on input line 144.
LaTeX Font Info:    ... okay on input line 144.
LaTeX Font Info:    Checking defaults for OMS/cmsy/m/n on input line 144.
LaTeX Font Info:    ... okay on input line 144.
LaTeX Font Info:    Checking defaults for OMX/cmex/m/n on input line 144.
LaTeX Font Info:    ... okay on input line 144.
LaTeX Font Info:    Checking defaults for U/cmr/m/n on input line 144.
LaTeX Font Info:    ... okay on input line 144.
LaTeX Font Info:    Checking defaults for PD1/pdf/m/n on input line 144.
LaTeX Font Info:    ... okay on input line 144.
(/usr/local/texlive/2019/texmf-dist/tex/context/base/mkii/supp-pdf.mkii
[Loading MPS to PDF converter (version 2006.09.02).]
\scratchcounter=\count459
\scratchdimen=\dimen277
\scratchbox=\box69
\nofMPsegments=\count460
\nofMParguments=\count461
\everyMPshowfont=\toks29
\MPscratchCnt=\count462
\MPscratchDim=\dimen278
\MPnumerator=\count463
\makeMPintoPDFobject=\count464
\everyMPtoPDFconversion=\toks30
) (/usr/local/texlive/2019/texmf-dist/tex/latex/oberdiek/epstopdf-base.sty
Package: epstopdf-base 2016/05/15 v2.6 Base part for package epstopdf

(/usr/local/texlive/2019/texmf-dist/tex/latex/oberdiek/grfext.sty
Package: grfext 2016/05/16 v1.2 Manage graphics extensions (HO)
)
Package epstopdf-base Info: Redefining graphics rule for `.eps' on input line 4
38.
Package grfext Info: Graphics extension search list:
(grfext)             [.pdf,.png,.jpg,.mps,.jpeg,.jbig2,.jb2,.PDF,.PNG,.JPG,.JPE
G,.JBIG2,.JB2,.eps]
(grfext)             \AppendGraphicsExtensions on input line 456.

(/usr/local/texlive/2019/texmf-dist/tex/latex/latexconfig/epstopdf-sys.cfg
File: epstopdf-sys.cfg 2010/07/13 v1.3 Configuration of (r)epstopdf for TeX Liv
e
))
(/usr/local/texlive/2019/texmf-dist/tex/latex/ms/ragged2e.sty
Package: ragged2e 2009/05/21 v2.1 ragged2e Package (MS)

(/usr/local/texlive/2019/texmf-dist/tex/latex/ms/everysel.sty
Package: everysel 2011/10/28 v1.2 EverySelectfont Package (MS)

ABD: EverySelectfont initializing macros
LaTeX Info: Redefining \selectfont on input line 126.
)
\CenteringLeftskip=\skip267
\RaggedLeftLeftskip=\skip268
\RaggedRightLeftskip=\skip269
\CenteringRightskip=\skip270
\RaggedLeftRightskip=\skip271
\RaggedRightRightskip=\skip272
\CenteringParfillskip=\skip273
\RaggedLeftParfillskip=\skip274
\RaggedRightParfillskip=\skip275
\JustifyingParfillskip=\skip276
\CenteringParindent=\skip277
\RaggedLeftParindent=\skip278
\RaggedRightParindent=\skip279
\JustifyingParindent=\skip280
)
Package caption Info: Begin \AtBeginDocument code.
Package caption Info: subfig package v1.3 is loaded.
Package caption Info: hyperref package is loaded.
Package caption Info: listings package is loaded.
Package caption Info: End \AtBeginDocument code.

(/usr/local/texlive/2019/texmf-dist/tex/latex/floatrow/fr-subfig.sty
Package: fr-subfig 2007/12/24 v0.1g (beta) floatrow: additions for subfig
\FBsc@max=\skip281
\FBso@max=\skip282
)
\AtBeginShipoutBox=\box70
\c@lstlisting=\count465
Now handling font encoding TS1 ...
... processing UTF-8 mapping file for font encoding TS1

(/usr/local/texlive/2019/texmf-dist/tex/latex/base/ts1enc.dfu
File: ts1enc.dfu 2018/10/05 v1.2f UTF-8 support for inputenc
   defining Unicode char U+00A2 (decimal 162)
   defining Unicode char U+00A3 (decimal 163)
   defining Unicode char U+00A4 (decimal 164)
   defining Unicode char U+00A5 (decimal 165)
   defining Unicode char U+00A6 (decimal 166)
   defining Unicode char U+00A7 (decimal 167)
   defining Unicode char U+00A8 (decimal 168)
   defining Unicode char U+00A9 (decimal 169)
   defining Unicode char U+00AA (decimal 170)
   defining Unicode char U+00AC (decimal 172)
   defining Unicode char U+00AE (decimal 174)
   defining Unicode char U+00AF (decimal 175)
   defining Unicode char U+00B0 (decimal 176)
   defining Unicode char U+00B1 (decimal 177)
   defining Unicode char U+00B2 (decimal 178)
   defining Unicode char U+00B3 (decimal 179)
   defining Unicode char U+00B4 (decimal 180)
   defining Unicode char U+00B5 (decimal 181)
   defining Unicode char U+00B6 (decimal 182)
   defining Unicode char U+00B7 (decimal 183)
   defining Unicode char U+00B9 (decimal 185)
   defining Unicode char U+00BA (decimal 186)
   defining Unicode char U+00BC (decimal 188)
   defining Unicode char U+00BD (decimal 189)
   defining Unicode char U+00BE (decimal 190)
   defining Unicode char U+00D7 (decimal 215)
   defining Unicode char U+00F7 (decimal 247)
   defining Unicode char U+0192 (decimal 402)
   defining Unicode char U+02C7 (decimal 711)
   defining Unicode char U+02D8 (decimal 728)
   defining Unicode char U+02DD (decimal 733)
   defining Unicode char U+0E3F (decimal 3647)
   defining Unicode char U+2016 (decimal 8214)
   defining Unicode char U+2020 (decimal 8224)
   defining Unicode char U+2021 (decimal 8225)
   defining Unicode char U+2022 (decimal 8226)
   defining Unicode char U+2030 (decimal 8240)
   defining Unicode char U+2031 (decimal 8241)
   defining Unicode char U+203B (decimal 8251)
   defining Unicode char U+203D (decimal 8253)
   defining Unicode char U+2044 (decimal 8260)
   defining Unicode char U+204E (decimal 8270)
   defining Unicode char U+2052 (decimal 8274)
   defining Unicode char U+20A1 (decimal 8353)
   defining Unicode char U+20A4 (decimal 8356)
   defining Unicode char U+20A6 (decimal 8358)
   defining Unicode char U+20A9 (decimal 8361)
   defining Unicode char U+20AB (decimal 8363)
   defining Unicode char U+20AC (decimal 8364)
   defining Unicode char U+20B1 (decimal 8369)
   defining Unicode char U+2103 (decimal 8451)
   defining Unicode char U+2116 (decimal 8470)
   defining Unicode char U+2117 (decimal 8471)
   defining Unicode char U+211E (decimal 8478)
   defining Unicode char U+2120 (decimal 8480)
   defining Unicode char U+2122 (decimal 8482)
   defining Unicode char U+2126 (decimal 8486)
   defining Unicode char U+2127 (decimal 8487)
   defining Unicode char U+212E (decimal 8494)
   defining Unicode char U+2190 (decimal 8592)
   defining Unicode char U+2191 (decimal 8593)
   defining Unicode char U+2192 (decimal 8594)
   defining Unicode char U+2193 (decimal 8595)
   defining Unicode char U+2329 (decimal 9001)
   defining Unicode char U+232A (decimal 9002)
   defining Unicode char U+2422 (decimal 9250)
   defining Unicode char U+25E6 (decimal 9702)
   defining Unicode char U+25EF (decimal 9711)
   defining Unicode char U+266A (decimal 9834)
   defining Unicode char U+FEFF (decimal 65279)
)
(/usr/local/texlive/2019/texmf-dist/tex/latex/translator/translator-basic-dicti
onary-English.dict
Dictionary: translator-basic-dictionary, Language: English 
)
(/usr/local/texlive/2019/texmf-dist/tex/latex/siunitx/siunitx-abbreviations.cfg
File: siunitx-abbreviations.cfg 2017/11/26 v2.7k siunitx: Abbreviated units
)
Package hyperref Info: Link coloring ON on input line 144.
 (/usr/local/texlive/2019/texmf-dist/tex/latex/hyperref/nameref.sty
Package: nameref 2016/05/21 v2.44 Cross-referencing by name of section

(/usr/local/texlive/2019/texmf-dist/tex/generic/oberdiek/gettitlestring.sty
Package: gettitlestring 2016/05/16 v1.5 Cleanup title references (HO)
)
\c@section@level=\count466
)
LaTeX Info: Redefining \ref on input line 144.
LaTeX Info: Redefining \pageref on input line 144.
LaTeX Info: Redefining \nameref on input line 144.
\@outlinefile=\write4
\openout4 = `P1.out'.

Package biblatex Info: Input encoding 'utf8' detected.
Package biblatex Info: Automatic encoding selection.
(biblatex)             Assuming data encoding 'utf8'.
\openout3 = `P1.bcf'.

Package biblatex Info: Trying to load bibliographic data...
Package biblatex Info: ... file 'P1.bbl' not found.

No file P1.bbl.
Package biblatex Info: Reference section=0 on input line 144.
Package biblatex Info: Reference segment=0 on input line 144.
Package csquotes Info: Making character " active on input line 144.
LaTeX Font Info:    Try loading font information for U+fontawesometwo on input 
line 155.
(/usr/local/texlive/2019/texmf-dist/tex/latex/fontawesome/ufontawesometwo.fd
File: ufontawesometwo.fd 2016/05/22 Font definitions for U/fontawesometwo.
)
\tf@toc=\write5
\openout5 = `P1.toc'.


[1{/usr/local/texlive/2019/texmf-var/fonts/map/pdftex/updmap/pdftex.map}



]
Underfull \hbox (badness 10000) in paragraph at lines 172--173
[]\OT1/cmr/m/n/10 All rel-e-vant code can be found at
 []


Underfull \hbox (badness 10000) in paragraph at lines 172--173
[][]\OT1/cmr/m/n/10 github.com/trygvels/FYS-STK4155[][] with all
 []


LaTeX Warning: Citation 'MHJ' on page 2 undefined on input line 176.


LaTeX Warning: Citation 'trevor2009elements' on page 2 undefined on input line 
186.

[2

]

LaTeX Warning: Citation 'franke' on page 3 undefined on input line 222.


LaTeX Warning: Reference `fig:OLSfranke' on page 3 undefined on input line 229.



LaTeX Warning: Reference `fig:terrain' on page 3 undefined on input line 232.

[3]
! Undefined control sequence.
<argument>  \mathbb 
                    {E}&\left [(\boldsymbol {y}-\boldsymbol {\tilde {y}})^2\...
l.245 \end{align}
                 
? 
! Undefined control sequence.
<argument> ...ol {\tilde {y}})^2\right ]= \mathbb 
                                                  {E}\left [(\boldsymbol {y}...
l.245 \end{align}
                 
? 
! Undefined control sequence.
<argument> \mathbb 
                   {E} \left [(y_i - f_i)^2\right ]
l.245 \end{align}
                 
? 
! Undefined control sequence.
<argument> ...^2\right ]}^{= \sigma ^2} + \mathbb 
                                                  {E}\left [(f_i - \tilde {y...
l.245 \end{align}
                 
? 
! Undefined control sequence.
<argument> \mathbb 
                   {E}\left [y_i - f_i\right ]
l.245 \end{align}
                 
? 
! Undefined control sequence.
<argument> ...ft [y_i - f_i\right ]}^{= 0}\mathbb 
                                                  {E}\left [f_i - \tilde {y}...
l.245 \end{align}
                 
? 
! Undefined control sequence.
<argument> ...\ =&\frac {1}{n}\sum _i(f_i-\mathbb 
                                                  {E}\left [\boldsymbol {\ti...
l.245 \end{align}
                 
? 
! Undefined control sequence.
<argument> ... {1}{n}\sum _i(\tilde {y}_i-\mathbb 
                                                  {E}\left [\boldsymbol {\ti...
l.245 \end{align}
                 
? 
! Undefined control sequence.
<argument>  \mathbb 
                    {E}&\left [(\boldsymbol {y}-\boldsymbol {\tilde {y}})^2\...
l.245 \end{align}
                 
? 
! Undefined control sequence.
<argument> ...ol {\tilde {y}})^2\right ]= \mathbb 
                                                  {E}\left [(\boldsymbol {y}...
l.245 \end{align}
                 
? 
! Undefined control sequence.
<argument> \mathbb 
                   {E} \left [(y_i - f_i)^2\right ]
l.245 \end{align}
                 
? 
! Undefined control sequence.
<argument> ...^2\right ]}^{= \sigma ^2} + \mathbb 
                                                  {E}\left [(f_i - \tilde {y...
l.245 \end{align}
                 
? 
! Undefined control sequence.
<argument> \mathbb 
                   {E}\left [y_i - f_i\right ]
l.245 \end{align}
                 
? 
! Undefined control sequence.
<argument> ...ft [y_i - f_i\right ]}^{= 0}\mathbb 
                                                  {E}\left [f_i - \tilde {y}...
l.245 \end{align}
                 
? 
! Undefined control sequence.
<argument> ...\ =&\frac {1}{n}\sum _i(f_i-\mathbb 
                                                  {E}\left [\boldsymbol {\ti...
l.245 \end{align}
                 
? 
! Undefined control sequence.
<argument> ... {1}{n}\sum _i(\tilde {y}_i-\mathbb 
                                                  {E}\left [\boldsymbol {\ti...
l.245 \end{align}
                 
? 

LaTeX Warning: Reference `fig:BVols' on page 4 undefined on input line 258.

[4]

LaTeX Warning: Reference `fig:OLSfranke' on page 5 undefined on input line 260.



LaTeX Warning: Reference `fig:BVols' on page 5 undefined on input line 260.

<../figs/BV_OLS_L+0_N0.1_franke_N0.1.png, id=66, 406.1574pt x 295.8252pt>
File: ../figs/BV_OLS_L+0_N0.1_franke_N0.1.png Graphic file (type png)
<use ../figs/BV_OLS_L+0_N0.1_franke_N0.1.png>
Package pdftex.def Info: ../figs/BV_OLS_L+0_N0.1_franke_N0.1.png  used on input
 line 264.
(pdftex.def)             Requested size: 203.39862pt x 148.14244pt.
<../figs/BV_OLS_L+0_N0.05_franke_N0.05.png, id=68, 406.1574pt x 295.8252pt>
File: ../figs/BV_OLS_L+0_N0.05_franke_N0.05.png Graphic file (type png)
<use ../figs/BV_OLS_L+0_N0.05_franke_N0.05.png>
Package pdftex.def Info: ../figs/BV_OLS_L+0_N0.05_franke_N0.05.png  used on inp
ut line 265.
(pdftex.def)             Requested size: 203.39862pt x 148.14244pt.
<../figs/franke.png, id=69, 440.847pt x 325.215pt>
File: ../figs/franke.png Graphic file (type png)
<use ../figs/franke.png>
Package pdftex.def Info: ../figs/franke.png  used on input line 271.
(pdftex.def)             Requested size: 203.39862pt x 150.04732pt.
<../figs/OLS_L0_P5_franke_N0.05.png, id=70, 440.847pt x 325.215pt>
File: ../figs/OLS_L0_P5_franke_N0.05.png Graphic file (type png)
<use ../figs/OLS_L0_P5_franke_N0.05.png>
Package pdftex.def Info: ../figs/OLS_L0_P5_franke_N0.05.png  used on input line
 272.
(pdftex.def)             Requested size: 203.39862pt x 150.04732pt.
<../figs/OLS_L0_P5_franke_N0.1.png, id=71, 440.847pt x 325.215pt>
File: ../figs/OLS_L0_P5_franke_N0.1.png Graphic file (type png)
<use ../figs/OLS_L0_P5_franke_N0.1.png>
Package pdftex.def Info: ../figs/OLS_L0_P5_franke_N0.1.png  used on input line 
273.
(pdftex.def)             Requested size: 203.39862pt x 150.04732pt.
<../figs/OLS_L0_P5_franke_N0.png, id=72, 440.847pt x 325.215pt>
File: ../figs/OLS_L0_P5_franke_N0.png Graphic file (type png)
<use ../figs/OLS_L0_P5_franke_N0.png>
Package pdftex.def Info: ../figs/OLS_L0_P5_franke_N0.png  used on input line 27
4.
(pdftex.def)             Requested size: 203.39862pt x 150.04732pt.

LaTeX Warning: Reference `fig:lassofranke' on page 5 undefined on input line 28
1.


LaTeX Warning: Reference `fig:lambdasridge' on page 5 undefined on input line 2
81.


LaTeX Warning: Reference `fig:BVrl' on page 5 undefined on input line 281.


LaTeX Warning: Reference `fig:lambdasridge' on page 5 undefined on input line 2
85.


LaTeX Warning: Reference `fig:lassofranke' on page 5 undefined on input line 28
5.


LaTeX Warning: Reference `fig:BVrl' on page 5 undefined on input line 285.


LaTeX Warning: Reference `fig:terrain' on page 5 undefined on input line 288.


LaTeX Warning: Reference `fig:BVterrain' on page 5 undefined on input line 291.



LaTeX Warning: Reference `fig:terrain' on page 5 undefined on input line 291.

[5] [6 <../figs/BV_OLS_L+0_N0.1_franke_N0.1.png> <../figs/BV_OLS_L+0_N0.05_fran
ke_N0.05.png> <../figs/franke.png> <../figs/OLS_L0_P5_franke_N0.05.png> <../fig
s/OLS_L0_P5_franke_N0.1.png> <../figs/OLS_L0_P5_franke_N0.png>]

LaTeX Warning: Empty bibliography on input line 301.

[7

]
<../figs/BV_ridge_L+0.01_N0.1_franke_N0.1.png, id=106, 406.1574pt x 295.8252pt>

File: ../figs/BV_ridge_L+0.01_N0.1_franke_N0.1.png Graphic file (type png)
<use ../figs/BV_ridge_L+0.01_N0.1_franke_N0.1.png>
Package pdftex.def Info: ../figs/BV_ridge_L+0.01_N0.1_franke_N0.1.png  used on 
input line 306.
(pdftex.def)             Requested size: 203.39862pt x 148.14244pt.
<../figs/BV_lasso_L+0.01_N0.1_franke_N0.1.png, id=107, 406.1574pt x 295.8252pt>

File: ../figs/BV_lasso_L+0.01_N0.1_franke_N0.1.png Graphic file (type png)
<use ../figs/BV_lasso_L+0.01_N0.1_franke_N0.1.png>
Package pdftex.def Info: ../figs/BV_lasso_L+0.01_N0.1_franke_N0.1.png  used on 
input line 307.
(pdftex.def)             Requested size: 203.39862pt x 148.14244pt.
<../figs/ridge_L0.1_P5_franke_N0.05.png, id=108, 440.847pt x 325.215pt>
File: ../figs/ridge_L0.1_P5_franke_N0.05.png Graphic file (type png)
<use ../figs/ridge_L0.1_P5_franke_N0.05.png>
Package pdftex.def Info: ../figs/ridge_L0.1_P5_franke_N0.05.png  used on input 
line 313.
(pdftex.def)             Requested size: 203.39862pt x 150.04732pt.
<../figs/ridge_L0.01_P5_franke_N0.05.png, id=109, 440.847pt x 325.215pt>
File: ../figs/ridge_L0.01_P5_franke_N0.05.png Graphic file (type png)
<use ../figs/ridge_L0.01_P5_franke_N0.05.png>
Package pdftex.def Info: ../figs/ridge_L0.01_P5_franke_N0.05.png  used on input
 line 314.
(pdftex.def)             Requested size: 203.39862pt x 150.04732pt.
<../figs/ridge_L0.001_P5_franke_N0.05.png, id=110, 440.847pt x 325.215pt>
File: ../figs/ridge_L0.001_P5_franke_N0.05.png Graphic file (type png)
<use ../figs/ridge_L0.001_P5_franke_N0.05.png>
Package pdftex.def Info: ../figs/ridge_L0.001_P5_franke_N0.05.png  used on inpu
t line 315.
(pdftex.def)             Requested size: 203.39862pt x 150.04732pt.
<../figs/ridge_L0.0001_P5_franke_N0.05.png, id=111, 440.847pt x 325.215pt>
File: ../figs/ridge_L0.0001_P5_franke_N0.05.png Graphic file (type png)
<use ../figs/ridge_L0.0001_P5_franke_N0.05.png>
Package pdftex.def Info: ../figs/ridge_L0.0001_P5_franke_N0.05.png  used on inp
ut line 316.
(pdftex.def)             Requested size: 203.39862pt x 150.04732pt.
 [8 <../figs/BV_ridge_L+0.01_N0.1_franke_N0.1.png> <../figs/BV_lasso_L+0.01_N0.
1_franke_N0.1.png> <../figs/ridge_L0.1_P5_franke_N0.05.png> <../figs/ridge_L0.0
1_P5_franke_N0.05.png> <../figs/ridge_L0.001_P5_franke_N0.05.png> <../figs/ridg
e_L0.0001_P5_franke_N0.05.png>]
<../figs/lasso_L0.1_P5_franke_N0.05.png, id=130, 440.847pt x 325.215pt>
File: ../figs/lasso_L0.1_P5_franke_N0.05.png Graphic file (type png)
<use ../figs/lasso_L0.1_P5_franke_N0.05.png>
Package pdftex.def Info: ../figs/lasso_L0.1_P5_franke_N0.05.png  used on input 
line 324.
(pdftex.def)             Requested size: 203.39862pt x 150.04732pt.
<../figs/lasso_L0.01_P5_franke_N0.05.png, id=131, 440.847pt x 325.215pt>
File: ../figs/lasso_L0.01_P5_franke_N0.05.png Graphic file (type png)
<use ../figs/lasso_L0.01_P5_franke_N0.05.png>
Package pdftex.def Info: ../figs/lasso_L0.01_P5_franke_N0.05.png  used on input
 line 325.
(pdftex.def)             Requested size: 203.39862pt x 150.04732pt.
<../figs/lasso_L0.001_P5_franke_N0.05.png, id=132, 440.847pt x 325.215pt>
File: ../figs/lasso_L0.001_P5_franke_N0.05.png Graphic file (type png)
<use ../figs/lasso_L0.001_P5_franke_N0.05.png>
Package pdftex.def Info: ../figs/lasso_L0.001_P5_franke_N0.05.png  used on inpu
t line 326.
(pdftex.def)             Requested size: 203.39862pt x 150.04732pt.
<../figs/lasso_L0.0001_P5_franke_N0.05.png, id=133, 440.847pt x 325.215pt>
File: ../figs/lasso_L0.0001_P5_franke_N0.05.png Graphic file (type png)
<use ../figs/lasso_L0.0001_P5_franke_N0.05.png>
Package pdftex.def Info: ../figs/lasso_L0.0001_P5_franke_N0.05.png  used on inp
ut line 327.
(pdftex.def)             Requested size: 203.39862pt x 150.04732pt.
<../figs/ridge_lambdas.png, id=134, 462.528pt x 346.896pt>
File: ../figs/ridge_lambdas.png Graphic file (type png)
<use ../figs/ridge_lambdas.png>
Package pdftex.def Info: ../figs/ridge_lambdas.png  used on input line 335.
(pdftex.def)             Requested size: 203.39862pt x 152.55pt.
<../figs/lasso_lambdas.png, id=135, 462.528pt x 346.896pt>
File: ../figs/lasso_lambdas.png Graphic file (type png)
<use ../figs/lasso_lambdas.png>
Package pdftex.def Info: ../figs/lasso_lambdas.png  used on input line 336.
(pdftex.def)             Requested size: 203.39862pt x 152.55pt.
 [9 <../figs/lasso_L0.1_P5_franke_N0.05.png> <../figs/lasso_L0.01_P5_franke_N0.
05.png> <../figs/lasso_L0.001_P5_franke_N0.05.png> <../figs/lasso_L0.0001_P5_fr
anke_N0.05.png> <../figs/ridge_lambdas.png> <../figs/lasso_lambdas.png>]
<../figs/BV_terrain.png, id=154, 405.6756pt x 297.2706pt>
File: ../figs/BV_terrain.png Graphic file (type png)
<use ../figs/BV_terrain.png>
Package pdftex.def Info: ../figs/BV_terrain.png  used on input line 345.
(pdftex.def)             Requested size: 180.79724pt x 132.48232pt.
<../figs/terrain.png, id=155, 440.847pt x 325.215pt>
File: ../figs/terrain.png Graphic file (type png)
<use ../figs/terrain.png>
Package pdftex.def Info: ../figs/terrain.png  used on input line 351.
(pdftex.def)             Requested size: 203.39862pt x 150.04732pt.
<../figs/OLS_L1e-05_P10_terrain.png, id=156, 440.847pt x 325.215pt>
File: ../figs/OLS_L1e-05_P10_terrain.png Graphic file (type png)
<use ../figs/OLS_L1e-05_P10_terrain.png>
Package pdftex.def Info: ../figs/OLS_L1e-05_P10_terrain.png  used on input line
 352.
(pdftex.def)             Requested size: 203.39862pt x 150.04732pt.
<../figs/ridge_L1e-05_P10_terrain.png, id=157, 440.847pt x 325.215pt>
File: ../figs/ridge_L1e-05_P10_terrain.png Graphic file (type png)
<use ../figs/ridge_L1e-05_P10_terrain.png>
Package pdftex.def Info: ../figs/ridge_L1e-05_P10_terrain.png  used on input li
ne 353.
(pdftex.def)             Requested size: 203.39862pt x 150.04732pt.
<../figs/lasso_L1e-05_P10_terrain.png, id=158, 440.847pt x 325.215pt>
File: ../figs/lasso_L1e-05_P10_terrain.png Graphic file (type png)
<use ../figs/lasso_L1e-05_P10_terrain.png>
Package pdftex.def Info: ../figs/lasso_L1e-05_P10_terrain.png  used on input li
ne 354.
(pdftex.def)             Requested size: 203.39862pt x 150.04732pt.
 [10 <../figs/BV_terrain.png> <../figs/terrain.png> <../figs/OLS_L1e-05_P10_ter
rain.png> <../figs/ridge_L1e-05_P10_terrain.png> <../figs/lasso_L1e-05_P10_terr
ain.png>]
Package atveryend Info: Empty hook `BeforeClearDocument' on input line 360.
Package atveryend Info: Empty hook `AfterLastShipout' on input line 360.
 (./P1.aux)
Package atveryend Info: Executing hook `AtVeryEndDocument' on input line 360.
Package atveryend Info: Executing hook `AtEndAfterFileList' on input line 360.


Package rerunfilecheck Warning: File `P1.out' has changed.
(rerunfilecheck)                Rerun to get outlines right
(rerunfilecheck)                or use package `bookmark'.

Package rerunfilecheck Info: Checksums for `P1.out':
(rerunfilecheck)             Before: <no file>
(rerunfilecheck)             After:  FF56773490EDDCC4AEF7B6E71E0C6A48;1000.

LaTeX Warning: There were undefined references.


LaTeX Warning: Label(s) may have changed. Rerun to get cross-references right.


Package biblatex Warning: Please (re)run Biber on the file:
(biblatex)                P1
(biblatex)                and rerun LaTeX afterwards.

Package logreq Info: Writing requests to 'P1.run.xml'.
\openout1 = `P1.run.xml'.

 ) 
Here is how much of TeX's memory you used:
 32258 strings out of 492616
 590191 string characters out of 6129482
 1031091 words of memory out of 5000000
 35779 multiletter control sequences out of 15000+600000
 547324 words of font info for 77 fonts, out of 8000000 for 9000
 1141 hyphenation exceptions out of 8191
 47i,16n,65p,1149b,1613s stack positions out of 5000i,500n,10000p,200000b,80000s
{/usr/local/texlive/2019/texmf-dist/fonts/enc/dvips/fontawesome/fontawesometw
o.enc}</usr/local/texlive/2019/texmf-dist/fonts/type1/public/fontawesome/FontAw
esome.pfb></usr/local/texlive/2019/texmf-dist/fonts/type1/public/amsfonts/cm/cm
bx10.pfb></usr/local/texlive/2019/texmf-dist/fonts/type1/public/amsfonts/cm/cmb
x12.pfb></usr/local/texlive/2019/texmf-dist/fonts/type1/public/amsfonts/cm/cmbx
7.pfb></usr/local/texlive/2019/texmf-dist/fonts/type1/public/amsfonts/cm/cmbx9.
pfb></usr/local/texlive/2019/texmf-dist/fonts/type1/public/amsfonts/cm/cmcsc10.
pfb></usr/local/texlive/2019/texmf-dist/fonts/type1/public/amsfonts/cm/cmex10.p
fb></usr/local/texlive/2019/texmf-dist/fonts/type1/public/amsfonts/cm/cmmi10.pf
b></usr/local/texlive/2019/texmf-dist/fonts/type1/public/amsfonts/cm/cmmi7.pfb>
</usr/local/texlive/2019/texmf-dist/fonts/type1/public/amsfonts/cm/cmmi8.pfb></
usr/local/texlive/2019/texmf-dist/fonts/type1/public/amsfonts/cm/cmmib10.pfb></
usr/local/texlive/2019/texmf-dist/fonts/type1/public/amsfonts/cm/cmr10.pfb></us
r/local/texlive/2019/texmf-dist/fonts/type1/public/amsfonts/cm/cmr12.pfb></usr/
local/texlive/2019/texmf-dist/fonts/type1/public/amsfonts/cm/cmr5.pfb></usr/loc
al/texlive/2019/texmf-dist/fonts/type1/public/amsfonts/cm/cmr6.pfb></usr/local/
texlive/2019/texmf-dist/fonts/type1/public/amsfonts/cm/cmr7.pfb></usr/local/tex
live/2019/texmf-dist/fonts/type1/public/amsfonts/cm/cmr8.pfb></usr/local/texliv
e/2019/texmf-dist/fonts/type1/public/amsfonts/cm/cmr9.pfb></usr/local/texlive/2
019/texmf-dist/fonts/type1/public/amsfonts/cm/cmsy10.pfb></usr/local/texlive/20
19/texmf-dist/fonts/type1/public/amsfonts/cm/cmsy6.pfb></usr/local/texlive/2019
/texmf-dist/fonts/type1/public/amsfonts/cm/cmsy7.pfb></usr/local/texlive/2019/t
exmf-dist/fonts/type1/public/amsfonts/cm/cmti10.pfb>
Output written on P1.pdf (10 pages, 7160377 bytes).
PDF statistics:
 263 PDF objects out of 1000 (max. 8388607)
 181 compressed objects within 2 object streams
 70 named destinations out of 1000 (max. 500000)
 116 words of extra memory for PDF output out of 10000 (max. 10000000)

